[debug] [2021-04-01T22:07:37.842Z] ----------------------------------------------------------------------
[debug] [2021-04-01T22:07:37.845Z] Command:       C:\Program Files\nodejs\node.exe C:\Users\soufiane\AppData\Roaming\npm\node_modules\firebase-tools\lib\bin\firebase.js deploy
[debug] [2021-04-01T22:07:37.845Z] CLI Version:   9.8.0
[debug] [2021-04-01T22:07:37.846Z] Platform:      win32
[debug] [2021-04-01T22:07:37.846Z] Node Version:  v14.16.0
[debug] [2021-04-01T22:07:37.847Z] Time:          Thu Apr 01 2021 23:07:37 GMT+0100 (UTC+01:00)
[debug] [2021-04-01T22:07:37.847Z] ----------------------------------------------------------------------
[debug] 
[debug] [2021-04-01T22:07:37.855Z] > command requires scopes: ["email","openid","https://www.googleapis.com/auth/cloudplatformprojects.readonly","https://www.googleapis.com/auth/firebase","https://www.googleapis.com/auth/cloud-platform"]
[debug] [2021-04-01T22:07:37.856Z] > authorizing via signed-in user
[debug] [2021-04-01T22:07:37.856Z] [iam] checking project soufiane-chaghil for permissions ["firebase.projects.get","firebasehosting.sites.update"]
[debug] [2021-04-01T22:07:37.859Z] > refreshing access token with scopes: ["email","https://www.googleapis.com/auth/cloud-platform","https://www.googleapis.com/auth/cloudplatformprojects.readonly","https://www.googleapis.com/auth/firebase","openid"]
[debug] [2021-04-01T22:07:37.859Z] >>> HTTP REQUEST POST https://www.googleapis.com/oauth2/v3/token  
 <request body omitted>
[debug] [2021-04-01T22:07:38.353Z] <<< HTTP RESPONSE 200 {"cache-control":"no-cache, no-store, max-age=0, must-revalidate","pragma":"no-cache","expires":"Mon, 01 Jan 1990 00:00:00 GMT","date":"Thu, 01 Apr 2021 22:07:40 GMT","content-type":"application/json; charset=utf-8","vary":"X-Origin, Referer, Origin,Accept-Encoding","server":"scaffolding on HTTPServer2","x-xss-protection":"0","x-frame-options":"SAMEORIGIN","x-content-type-options":"nosniff","alt-svc":"h3-29=\":443\"; ma=2592000,h3-T051=\":443\"; ma=2592000,h3-Q050=\":443\"; ma=2592000,h3-Q046=\":443\"; ma=2592000,h3-Q043=\":443\"; ma=2592000,quic=\":443\"; ma=2592000; v=\"46,43\"","accept-ranges":"none","transfer-encoding":"chunked"}
[debug] [2021-04-01T22:07:38.388Z] >>> HTTP REQUEST POST https://cloudresourcemanager.googleapis.com/v1/projects/soufiane-chaghil:testIamPermissions  
 {"permissions":["firebase.projects.get","firebasehosting.sites.update"]}
[debug] [2021-04-01T22:07:39.630Z] <<< HTTP RESPONSE 200 {"content-type":"application/json; charset=UTF-8","vary":"X-Origin, Referer, Origin,Accept-Encoding","date":"Thu, 01 Apr 2021 22:07:41 GMT","server":"ESF","cache-control":"private","x-xss-protection":"0","x-frame-options":"SAMEORIGIN","x-content-type-options":"nosniff","server-timing":"gfet4t7; dur=666","alt-svc":"h3-29=\":443\"; ma=2592000,h3-T051=\":443\"; ma=2592000,h3-Q050=\":443\"; ma=2592000,h3-Q046=\":443\"; ma=2592000,h3-Q043=\":443\"; ma=2592000,quic=\":443\"; ma=2592000; v=\"46,43\"","accept-ranges":"none","transfer-encoding":"chunked"}
[debug] [2021-04-01T22:07:39.633Z] > refreshing access token with scopes: []
[debug] [2021-04-01T22:07:39.634Z] >>> HTTP REQUEST POST https://www.googleapis.com/oauth2/v3/token  
 <request body omitted>
[debug] [2021-04-01T22:07:40.029Z] <<< HTTP RESPONSE 200 {"date":"Thu, 01 Apr 2021 22:07:42 GMT","pragma":"no-cache","cache-control":"no-cache, no-store, max-age=0, must-revalidate","expires":"Mon, 01 Jan 1990 00:00:00 GMT","content-type":"application/json; charset=utf-8","vary":"X-Origin, Referer, Origin,Accept-Encoding","server":"scaffolding on HTTPServer2","x-xss-protection":"0","x-frame-options":"SAMEORIGIN","x-content-type-options":"nosniff","alt-svc":"h3-29=\":443\"; ma=2592000,h3-T051=\":443\"; ma=2592000,h3-Q050=\":443\"; ma=2592000,h3-Q046=\":443\"; ma=2592000,h3-Q043=\":443\"; ma=2592000,quic=\":443\"; ma=2592000; v=\"46,43\"","accept-ranges":"none","transfer-encoding":"chunked"}
[debug] [2021-04-01T22:07:40.060Z] >>> [apiv2][query] GET https://firebase.googleapis.com/v1beta1/projects/soufiane-chaghil [none]
[debug] [2021-04-01T22:07:40.762Z] <<< [apiv2][status] GET https://firebase.googleapis.com/v1beta1/projects/soufiane-chaghil 200
[debug] [2021-04-01T22:07:40.762Z] <<< [apiv2][body] GET https://firebase.googleapis.com/v1beta1/projects/soufiane-chaghil {"projectId":"soufiane-chaghil","projectNumber":"366110468995","displayName":"soufiane-chaghil","name":"projects/soufiane-chaghil","resources":{"hostingSite":"soufiane-chaghil"},"state":"ACTIVE"}
[info] 
[info] === Deploying to 'soufiane-chaghil'...
[info] 
[info] i  deploying hosting 
[debug] [2021-04-01T22:07:40.774Z] > refreshing access token with scopes: ["email","https://www.googleapis.com/auth/cloud-platform","https://www.googleapis.com/auth/cloudplatformprojects.readonly","https://www.googleapis.com/auth/firebase","openid"]
[debug] [2021-04-01T22:07:40.775Z] >>> HTTP REQUEST POST https://www.googleapis.com/oauth2/v3/token  
 <request body omitted>
[debug] [2021-04-01T22:07:41.161Z] <<< HTTP RESPONSE 200 {"date":"Thu, 01 Apr 2021 22:07:43 GMT","cache-control":"no-cache, no-store, max-age=0, must-revalidate","expires":"Mon, 01 Jan 1990 00:00:00 GMT","pragma":"no-cache","content-type":"application/json; charset=utf-8","vary":"X-Origin, Referer, Origin,Accept-Encoding","server":"scaffolding on HTTPServer2","x-xss-protection":"0","x-frame-options":"SAMEORIGIN","x-content-type-options":"nosniff","alt-svc":"h3-29=\":443\"; ma=2592000,h3-T051=\":443\"; ma=2592000,h3-Q050=\":443\"; ma=2592000,h3-Q046=\":443\"; ma=2592000,h3-Q043=\":443\"; ma=2592000,quic=\":443\"; ma=2592000; v=\"46,43\"","accept-ranges":"none","transfer-encoding":"chunked"}
[debug] [2021-04-01T22:07:41.195Z] >>> HTTP REQUEST POST https://firebasehosting.googleapis.com/v1beta1/sites/soufiane-chaghil/versions  
 {"config":{"rewrites":[{"glob":"**","path":"/index.html"}]},"labels":{"deployment-tool":"cli-firebase"}}
[debug] [2021-04-01T22:07:42.677Z] <<< HTTP RESPONSE 200 {"content-type":"application/json; charset=UTF-8","vary":"X-Origin, Referer, Origin,Accept-Encoding","date":"Thu, 01 Apr 2021 22:07:44 GMT","server":"ESF","cache-control":"private","x-xss-protection":"0","x-frame-options":"SAMEORIGIN","x-content-type-options":"nosniff","alt-svc":"h3-29=\":443\"; ma=2592000,h3-T051=\":443\"; ma=2592000,h3-Q050=\":443\"; ma=2592000,h3-Q046=\":443\"; ma=2592000,h3-Q043=\":443\"; ma=2592000,quic=\":443\"; ma=2592000; v=\"46,43\"","accept-ranges":"none","transfer-encoding":"chunked"}
[info] i  hosting[soufiane-chaghil]: beginning deploy... 
[info] i  hosting[soufiane-chaghil]: found 24 files in build 
[debug] [2021-04-01T22:07:42.715Z] > refreshing access token with scopes: []
[debug] [2021-04-01T22:07:42.715Z] >>> HTTP REQUEST POST https://www.googleapis.com/oauth2/v3/token  
 <request body omitted>
[debug] [2021-04-01T22:07:42.717Z] [hosting] hash cache [YnVpbGQ] stored for 24 files
[debug] [2021-04-01T22:07:42.717Z] [hosting][hash queue][FINAL] {"max":2,"min":0,"avg":0,"active":0,"complete":24,"success":24,"errored":0,"retried":0,"total":24,"elapsed":6}
[debug] [2021-04-01T22:07:43.080Z] <<< HTTP RESPONSE 200 {"pragma":"no-cache","cache-control":"no-cache, no-store, max-age=0, must-revalidate","expires":"Mon, 01 Jan 1990 00:00:00 GMT","date":"Thu, 01 Apr 2021 22:07:45 GMT","content-type":"application/json; charset=utf-8","vary":"X-Origin, Referer, Origin,Accept-Encoding","server":"scaffolding on HTTPServer2","x-xss-protection":"0","x-frame-options":"SAMEORIGIN","x-content-type-options":"nosniff","alt-svc":"h3-29=\":443\"; ma=2592000,h3-T051=\":443\"; ma=2592000,h3-Q050=\":443\"; ma=2592000,h3-Q046=\":443\"; ma=2592000,h3-Q043=\":443\"; ma=2592000,quic=\":443\"; ma=2592000; v=\"46,43\"","accept-ranges":"none","transfer-encoding":"chunked"}
[debug] [2021-04-01T22:07:43.100Z] >>> [apiv2][query] POST https://firebasehosting.googleapis.com/v1beta1/sites/soufiane-chaghil/versions/91cbd0cfd155f7cf:populateFiles [none]
[debug] [2021-04-01T22:07:43.101Z] >>> [apiv2][body] POST https://firebasehosting.googleapis.com/v1beta1/sites/soufiane-chaghil/versions/91cbd0cfd155f7cf:populateFiles {"files":{"/asset-manifest.json":"05d44a467b228ce5011d1b23c25902b93c546c75b0ef75f85ffaca1f51d5ff86","/favicon.ico":"590ab7534964dce0a66c2a699aa2f7cca91caca2694b4c86e95418d8dd6ef481","/index.html":"fc2383635aaf17f121a6ccab0af12fad1c85191d2333ed2c21ac3070303cd39c","/logo192.png":"3ee59515172ee198f3be375979df15ac5345183e656720a381b8872b2a39dc8b","/logo512.png":"ee7e2f3fdb8209c4b6fd7bef6ba50d1b9dba30a25bb5c3126df057e1cb6f5331","/manifest.json":"aff3449bdc238776f5d6d967f19ec491b36aed5fb7f23ccff6500736fd58494a","/robots.txt":"bfe106a3fb878dc83461c86818bf74fc1bdc7f28538ba613cd3e775516ce8b49","/static/css/main.56f8bcca.chunk.css":"ae60f0d105dac979350622262f5321e6bba8e5031ab7c211e2560d5d87357ec2","/static/css/main.56f8bcca.chunk.css.map":"e8c0c9d25edb9f1e53af77e47387f9f432ed556b27067b950d4c59cb28de05df","/static/js/2.743ed23d.chunk.js":"1124e781b2fe558a92c6b44a510ea2485184219d5d0ce054d83b6b3a9cfef807","/static/js/2.743ed23d.chunk.js.LICENSE.txt":"ff6e1e979db9369a9f7416a242049ffecf6a913bd1a6c3b5da956e28224606d9","/static/js/2.743ed23d.chunk.js.map":"0e6c8bb34e9bd6af454197b62c18dd6c63e78e0de5bb167a4e361ab22d5f9888","/static/js/3.021be955.chunk.js":"05b229669698c8f1186535c7dad2c55cc766fab7226b6b1b94eacd583138dea4","/static/js/3.021be955.chunk.js.map":"ca52d6e27248934143722fa863d8c146104fe597d746e0e9c3b1f91ac4facfdd","/static/js/main.029509a9.chunk.js":"5c8f218036c6e0b98fd801a8a0e1661b0aa83107df06cf0ca0247e280e9b19ae","/static/js/main.029509a9.chunk.js.map":"c7b0cf790e3e8a2a72c64dd4298fb89cab1541343a3c48ba928beec053f58b79","/static/js/runtime-main.f400a41e.js":"ff6770d99f106f4a29ff8af7104e4659b71ba657ff7baeb621e9c993bab4bfc6","/static/js/runtime-main.f400a41e.js.map":"34d1d5ea808fb4cfaeebbf2f50d76fa736cb5470d2674d85f65d3ab8ff5932d1","/static/media/pic1.c6365721.jpg":"3cee9148ece392b8b1bf8fd9d63d750c48749ac0e1b1be07b70b93e035a9fc6a","/static/media/pic2.a56fab56.jpg":"3a29ee10b57c745bef019b55f377014a17ae055ccdd3b4adeec666324e601fbf","/static/media/pic3.c32d0b18.svg":"544f21d7562f77956fa7ff6610517870d6287405deea15863af3bea919648756","/static/media/pic4.ee3b3291.png":"477c6a77326d7cd83577bea80297b275fe3130e57d0b71a5d43d54ba8059588a","/static/media/pic5.b4095196.png":"755f0217aeaa923366c9ed9d9bd0835ef15b3b23476c9733ef6dc1dd68e67bd2","/static/media/pic6.0a976142.png":"e6d6defd24d6402e15cce3c42a7f873aefcc743c0b64f72198d23a0f1bfcb125"}}
[debug] [2021-04-01T22:07:44.433Z] <<< [apiv2][status] POST https://firebasehosting.googleapis.com/v1beta1/sites/soufiane-chaghil/versions/91cbd0cfd155f7cf:populateFiles 200
[debug] [2021-04-01T22:07:44.433Z] <<< [apiv2][body] POST https://firebasehosting.googleapis.com/v1beta1/sites/soufiane-chaghil/versions/91cbd0cfd155f7cf:populateFiles {"uploadRequiredHashes":["3cee9148ece392b8b1bf8fd9d63d750c48749ac0e1b1be07b70b93e035a9fc6a","e6d6defd24d6402e15cce3c42a7f873aefcc743c0b64f72198d23a0f1bfcb125","3a29ee10b57c745bef019b55f377014a17ae055ccdd3b4adeec666324e601fbf"],"uploadUrl":"https://upload-firebasehosting.googleapis.com/upload/sites/soufiane-chaghil/versions/91cbd0cfd155f7cf/files"}
[debug] [2021-04-01T22:07:44.437Z] >>> [apiv2][query] POST https://upload-firebasehosting.googleapis.com/upload/sites/soufiane-chaghil/versions/91cbd0cfd155f7cf/files/3cee9148ece392b8b1bf8fd9d63d750c48749ac0e1b1be07b70b93e035a9fc6a [none]
[debug] [2021-04-01T22:07:44.437Z] >>> [apiv2][body] POST https://upload-firebasehosting.googleapis.com/upload/sites/soufiane-chaghil/versions/91cbd0cfd155f7cf/files/3cee9148ece392b8b1bf8fd9d63d750c48749ac0e1b1be07b70b93e035a9fc6a [stream]
[debug] [2021-04-01T22:07:44.439Z] >>> [apiv2][query] POST https://upload-firebasehosting.googleapis.com/upload/sites/soufiane-chaghil/versions/91cbd0cfd155f7cf/files/e6d6defd24d6402e15cce3c42a7f873aefcc743c0b64f72198d23a0f1bfcb125 [none]
[debug] [2021-04-01T22:07:44.439Z] >>> [apiv2][body] POST https://upload-firebasehosting.googleapis.com/upload/sites/soufiane-chaghil/versions/91cbd0cfd155f7cf/files/e6d6defd24d6402e15cce3c42a7f873aefcc743c0b64f72198d23a0f1bfcb125 [stream]
[debug] [2021-04-01T22:07:44.441Z] >>> [apiv2][query] POST https://upload-firebasehosting.googleapis.com/upload/sites/soufiane-chaghil/versions/91cbd0cfd155f7cf/files/3a29ee10b57c745bef019b55f377014a17ae055ccdd3b4adeec666324e601fbf [none]
[debug] [2021-04-01T22:07:44.441Z] >>> [apiv2][body] POST https://upload-firebasehosting.googleapis.com/upload/sites/soufiane-chaghil/versions/91cbd0cfd155f7cf/files/3a29ee10b57c745bef019b55f377014a17ae055ccdd3b4adeec666324e601fbf [stream]
[debug] [2021-04-01T22:07:44.443Z] [hosting][populate queue][FINAL] {"max":1722,"min":1722,"avg":1722,"active":0,"complete":1,"success":1,"errored":0,"retried":0,"total":1,"elapsed":1728}
[debug] [2021-04-01T22:07:44.443Z] [hosting] uploads queued: 3
[debug] [2021-04-01T22:08:18.841Z] [uploadQueue] Retrying task 3cee9148ece392b8b1bf8fd9d63d750c48749ac0e1b1be07b70b93e035a9fc6a
[debug] [2021-04-01T22:08:18.843Z] >>> [apiv2][query] POST https://upload-firebasehosting.googleapis.com/upload/sites/soufiane-chaghil/versions/91cbd0cfd155f7cf/files/3cee9148ece392b8b1bf8fd9d63d750c48749ac0e1b1be07b70b93e035a9fc6a [none]
[debug] [2021-04-01T22:08:18.843Z] >>> [apiv2][body] POST https://upload-firebasehosting.googleapis.com/upload/sites/soufiane-chaghil/versions/91cbd0cfd155f7cf/files/3cee9148ece392b8b1bf8fd9d63d750c48749ac0e1b1be07b70b93e035a9fc6a [stream]
[debug] [2021-04-01T22:08:30.316Z] [uploadQueue] Retrying task e6d6defd24d6402e15cce3c42a7f873aefcc743c0b64f72198d23a0f1bfcb125
[debug] [2021-04-01T22:08:30.317Z] >>> [apiv2][query] POST https://upload-firebasehosting.googleapis.com/upload/sites/soufiane-chaghil/versions/91cbd0cfd155f7cf/files/e6d6defd24d6402e15cce3c42a7f873aefcc743c0b64f72198d23a0f1bfcb125 [none]
[debug] [2021-04-01T22:08:30.317Z] >>> [apiv2][body] POST https://upload-firebasehosting.googleapis.com/upload/sites/soufiane-chaghil/versions/91cbd0cfd155f7cf/files/e6d6defd24d6402e15cce3c42a7f873aefcc743c0b64f72198d23a0f1bfcb125 [stream]
[debug] [2021-04-01T22:08:53.645Z] [uploadQueue] Retrying task 3cee9148ece392b8b1bf8fd9d63d750c48749ac0e1b1be07b70b93e035a9fc6a
[debug] [2021-04-01T22:08:53.646Z] >>> [apiv2][query] POST https://upload-firebasehosting.googleapis.com/upload/sites/soufiane-chaghil/versions/91cbd0cfd155f7cf/files/3cee9148ece392b8b1bf8fd9d63d750c48749ac0e1b1be07b70b93e035a9fc6a [none]
[debug] [2021-04-01T22:08:53.646Z] >>> [apiv2][body] POST https://upload-firebasehosting.googleapis.com/upload/sites/soufiane-chaghil/versions/91cbd0cfd155f7cf/files/3cee9148ece392b8b1bf8fd9d63d750c48749ac0e1b1be07b70b93e035a9fc6a [stream]
[debug] [2021-04-01T22:09:05.557Z] [uploadQueue] Retrying task 3a29ee10b57c745bef019b55f377014a17ae055ccdd3b4adeec666324e601fbf
[debug] [2021-04-01T22:09:05.559Z] >>> [apiv2][query] POST https://upload-firebasehosting.googleapis.com/upload/sites/soufiane-chaghil/versions/91cbd0cfd155f7cf/files/3a29ee10b57c745bef019b55f377014a17ae055ccdd3b4adeec666324e601fbf [none]
[debug] [2021-04-01T22:09:05.559Z] >>> [apiv2][body] POST https://upload-firebasehosting.googleapis.com/upload/sites/soufiane-chaghil/versions/91cbd0cfd155f7cf/files/3a29ee10b57c745bef019b55f377014a17ae055ccdd3b4adeec666324e601fbf [stream]
